INFO - 2024-03-28 02:55:46 --> Session: Class initialized using 'CodeIgniter\Session\Handlers\FileHandler' driver.
INFO - 2024-03-28 02:55:46 --> Session: Class initialized using 'CodeIgniter\Session\Handlers\FileHandler' driver.
INFO - 2024-03-28 02:56:06 --> Session: Class initialized using 'CodeIgniter\Session\Handlers\FileHandler' driver.
INFO - 2024-03-28 02:56:09 --> Session: Class initialized using 'CodeIgniter\Session\Handlers\FileHandler' driver.
CRITICAL - 2024-03-28 02:56:09 --> ErrorException: Undefined variable $pager
in APPPATH\Views\Artikel\admin_index.php on line 30.
 1 APPPATH\Views\Artikel\admin_index.php(30): CodeIgniter\Debug\Exceptions->errorHandler(2, 'Undefined variable $pager', 'C:\\xampp\\htdocs\\lab11_ci\\ci4\\app\\Views\\Artikel\\admin_index.php', 30)
 2 SYSTEMPATH\View\View.php(228): include('C:\\xampp\\htdocs\\lab11_ci\\ci4\\app\\Views\\Artikel\\admin_index.php')
 3 SYSTEMPATH\View\View.php(231): CodeIgniter\View\View->CodeIgniter\View\{closure}()
 4 SYSTEMPATH\Common.php(1178): CodeIgniter\View\View->render('artikel/admin_index', [], true)
 5 APPPATH\Controllers\Artikel.php(40): view('artikel/admin_index', [...])
 6 SYSTEMPATH\CodeIgniter.php(941): App\Controllers\Artikel->admin_index()
 7 SYSTEMPATH\CodeIgniter.php(502): CodeIgniter\CodeIgniter->runController(Object(App\Controllers\Artikel))
 8 SYSTEMPATH\CodeIgniter.php(361): CodeIgniter\CodeIgniter->handleRequest(null, Object(Config\Cache), false)
 9 FCPATH\index.php(79): CodeIgniter\CodeIgniter->run()
10 SYSTEMPATH\Commands\Server\rewrite.php(47): require_once('C:\\xampp\\htdocs\\lab11_ci\\ci4\\public\\index.php')
INFO - 2024-03-28 02:58:08 --> Session: Class initialized using 'CodeIgniter\Session\Handlers\FileHandler' driver.
CRITICAL - 2024-03-28 02:58:09 --> ErrorException: Undefined variable $pager
in APPPATH\Views\Artikel\admin_index.php on line 31.
 1 APPPATH\Views\Artikel\admin_index.php(31): CodeIgniter\Debug\Exceptions->errorHandler(2, 'Undefined variable $pager', 'C:\\xampp\\htdocs\\lab11_ci\\ci4\\app\\Views\\Artikel\\admin_index.php', 31)
 2 SYSTEMPATH\View\View.php(228): include('C:\\xampp\\htdocs\\lab11_ci\\ci4\\app\\Views\\Artikel\\admin_index.php')
 3 SYSTEMPATH\View\View.php(231): CodeIgniter\View\View->CodeIgniter\View\{closure}()
 4 SYSTEMPATH\Common.php(1178): CodeIgniter\View\View->render('artikel/admin_index', [], true)
 5 APPPATH\Controllers\Artikel.php(40): view('artikel/admin_index', [...])
 6 SYSTEMPATH\CodeIgniter.php(941): App\Controllers\Artikel->admin_index()
 7 SYSTEMPATH\CodeIgniter.php(502): CodeIgniter\CodeIgniter->runController(Object(App\Controllers\Artikel))
 8 SYSTEMPATH\CodeIgniter.php(361): CodeIgniter\CodeIgniter->handleRequest(null, Object(Config\Cache), false)
 9 FCPATH\index.php(79): CodeIgniter\CodeIgniter->run()
10 SYSTEMPATH\Commands\Server\rewrite.php(47): require_once('C:\\xampp\\htdocs\\lab11_ci\\ci4\\public\\index.php')
INFO - 2024-03-28 02:58:35 --> Session: Class initialized using 'CodeIgniter\Session\Handlers\FileHandler' driver.
CRITICAL - 2024-03-28 02:58:35 --> ErrorException: Undefined variable $pager
in APPPATH\Views\Artikel\admin_index.php on line 31.
 1 APPPATH\Views\Artikel\admin_index.php(31): CodeIgniter\Debug\Exceptions->errorHandler(2, 'Undefined variable $pager', 'C:\\xampp\\htdocs\\lab11_ci\\ci4\\app\\Views\\Artikel\\admin_index.php', 31)
 2 SYSTEMPATH\View\View.php(228): include('C:\\xampp\\htdocs\\lab11_ci\\ci4\\app\\Views\\Artikel\\admin_index.php')
 3 SYSTEMPATH\View\View.php(231): CodeIgniter\View\View->CodeIgniter\View\{closure}()
 4 SYSTEMPATH\Common.php(1178): CodeIgniter\View\View->render('artikel/admin_index', [], true)
 5 APPPATH\Controllers\Artikel.php(40): view('artikel/admin_index', [...])
 6 SYSTEMPATH\CodeIgniter.php(941): App\Controllers\Artikel->admin_index()
 7 SYSTEMPATH\CodeIgniter.php(502): CodeIgniter\CodeIgniter->runController(Object(App\Controllers\Artikel))
 8 SYSTEMPATH\CodeIgniter.php(361): CodeIgniter\CodeIgniter->handleRequest(null, Object(Config\Cache), false)
 9 FCPATH\index.php(79): CodeIgniter\CodeIgniter->run()
10 SYSTEMPATH\Commands\Server\rewrite.php(47): require_once('C:\\xampp\\htdocs\\lab11_ci\\ci4\\public\\index.php')
INFO - 2024-03-28 02:58:41 --> Session: Class initialized using 'CodeIgniter\Session\Handlers\FileHandler' driver.
CRITICAL - 2024-03-28 02:58:42 --> ErrorException: compact(): Undefined variable $artikel
in APPPATH\Controllers\Artikel.php on line 39.
 1 [internal function]: CodeIgniter\Debug\Exceptions->errorHandler(2, 'compact(): Undefined variable $artikel', 'C:\\xampp\\htdocs\\lab11_ci\\ci4\\app\\Controllers\\Artikel.php', 39)
 2 APPPATH\Controllers\Artikel.php(39): compact('artikel', 'title')
 3 SYSTEMPATH\CodeIgniter.php(941): App\Controllers\Artikel->admin_index()
 4 SYSTEMPATH\CodeIgniter.php(502): CodeIgniter\CodeIgniter->runController(Object(App\Controllers\Artikel))
 5 SYSTEMPATH\CodeIgniter.php(361): CodeIgniter\CodeIgniter->handleRequest(null, Object(Config\Cache), false)
 6 FCPATH\index.php(79): CodeIgniter\CodeIgniter->run()
 7 SYSTEMPATH\Commands\Server\rewrite.php(47): require_once('C:\\xampp\\htdocs\\lab11_ci\\ci4\\public\\index.php')
INFO - 2024-03-28 02:59:21 --> Session: Class initialized using 'CodeIgniter\Session\Handlers\FileHandler' driver.
INFO - 2024-03-28 03:08:29 --> Session: Class initialized using 'CodeIgniter\Session\Handlers\FileHandler' driver.
INFO - 2024-03-28 03:08:35 --> Session: Class initialized using 'CodeIgniter\Session\Handlers\FileHandler' driver.
INFO - 2024-03-28 03:09:45 --> Session: Class initialized using 'CodeIgniter\Session\Handlers\FileHandler' driver.
INFO - 2024-03-28 03:14:24 --> Session: Class initialized using 'CodeIgniter\Session\Handlers\FileHandler' driver.
INFO - 2024-03-28 03:14:49 --> Session: Class initialized using 'CodeIgniter\Session\Handlers\FileHandler' driver.
INFO - 2024-03-28 03:18:53 --> Session: Class initialized using 'CodeIgniter\Session\Handlers\FileHandler' driver.
INFO - 2024-03-28 03:19:48 --> Session: Class initialized using 'CodeIgniter\Session\Handlers\FileHandler' driver.
INFO - 2024-03-28 03:20:13 --> Session: Class initialized using 'CodeIgniter\Session\Handlers\FileHandler' driver.
